# JRE version: 6.0_31-b31
# Java VM: OpenJDK Client VM (23.25-b01 mixed mode, sharing linux-x86 )
Heap
 def new generation   total 39424K, used 7582K [0x63990000, 0x66450000, 0x6e430000)
  eden space 35072K,  21% used [0x63990000, 0x640f7b58, 0x65bd0000)
  from space 4352K,   0% used [0x65bd0000, 0x65bd0000, 0x66010000)
  to   space 4352K,   0% used [0x66010000, 0x66010000, 0x66450000)
 tenured generation   total 87424K, used 27074K [0x6e430000, 0x73990000, 0x83990000)
   the space 87424K,  30% used [0x6e430000, 0x6fea0be8, 0x6fea0c00, 0x73990000)
 compacting perm gen  total 32512K, used 32392K [0x83990000, 0x85950000, 0x93990000)
   the space 32512K,  99% used [0x83990000, 0x85932290, 0x85932400, 0x85950000)
    ro space 10240K,  56% used [0x93990000, 0x93f2d218, 0x93f2d400, 0x94390000)
    rw space 12288K,  60% used [0x94390000, 0x94adc138, 0x94adc200, 0x94f90000)
GC Heap History (10 events):
Event: 4.378 GC heap before
{Heap before GC invocations=5 (full 2):
 def new generation   total 39424K, used 19208K [0x63990000, 0x66450000, 0x6e430000)
  eden space 35072K,  54% used [0x63990000, 0x64c521d0, 0x65bd0000)
  from space 4352K,   0% used [0x65bd0000, 0x65bd0000, 0x66010000)
  to   space 4352K,   0% used [0x66010000, 0x66010000, 0x66450000)
 tenured generation   total 87424K, used 11901K [0x6e430000, 0x73990000, 0x83990000)
   the space 87424K,  13% used [0x6e430000, 0x6efcf588, 0x6efcf600, 0x73990000)
 compacting perm gen  total 24576K, used 24575K [0x83990000, 0x85190000, 0x93990000)
   the space 24576K,  99% used [0x83990000, 0x8518ffe8, 0x85190000, 0x85190000)
    ro space 10240K,  56% used [0x93990000, 0x93f2d218, 0x93f2d400, 0x94390000)
    rw space 12288K,  60% used [0x94390000, 0x94adc138, 0x94adc200, 0x94f90000)
Event: 4.503 GC heap after
Heap after GC invocations=6 (full 3):
 def new generation   total 39424K, used 0K [0x63990000, 0x66450000, 0x6e430000)
  eden space 35072K,   0% used [0x63990000, 0x63990000, 0x65bd0000)
  from space 4352K,   0% used [0x65bd0000, 0x65bd0000, 0x66010000)
  to   space 4352K,   0% used [0x66010000, 0x66010000, 0x66450000)
 tenured generation   total 87424K, used 14374K [0x6e430000, 0x73990000, 0x83990000)
   the space 87424K,  16% used [0x6e430000, 0x6f239a58, 0x6f239c00, 0x73990000)
 compacting perm gen  total 24576K, used 24575K [0x83990000, 0x85190000, 0x93990000)
   the space 24576K,  99% used [0x83990000, 0x8518ffe8, 0x85190000, 0x85190000)
    ro space 10240K,  56% used [0x93990000, 0x93f2d218, 0x93f2d400, 0x94390000)
    rw space 12288K,  60% used [0x94390000, 0x94adc138, 0x94adc200, 0x94f90000)
}
Event: 5.033 GC heap before
{Heap before GC invocations=6 (full 3):
 def new generation   total 39424K, used 35072K [0x63990000, 0x66450000, 0x6e430000)
  eden space 35072K, 100% used [0x63990000, 0x65bd0000, 0x65bd0000)
  from space 4352K,   0% used [0x65bd0000, 0x65bd0000, 0x66010000)
  to   space 4352K,   0% used [0x66010000, 0x66010000, 0x66450000)
 tenured generation   total 87424K, used 14374K [0x6e430000, 0x73990000, 0x83990000)
   the space 87424K,  16% used [0x6e430000, 0x6f239a58, 0x6f239c00, 0x73990000)
 compacting perm gen  total 27392K, used 27155K [0x83990000, 0x85450000, 0x93990000)
   the space 27392K,  99% used [0x83990000, 0x85414e70, 0x85415000, 0x85450000)
    ro space 10240K,  56% used [0x93990000, 0x93f2d218, 0x93f2d400, 0x94390000)
    rw space 12288K,  60% used [0x94390000, 0x94adc138, 0x94adc200, 0x94f90000)
Event: 5.055 GC heap after
Heap after GC invocations=7 (full 3):
 def new generation   total 39424K, used 3723K [0x63990000, 0x66450000, 0x6e430000)
  eden space 35072K,   0% used [0x63990000, 0x63990000, 0x65bd0000)
  from space 4352K,  85% used [0x66010000, 0x663b2d70, 0x66450000)
  to   space 4352K,   0% used [0x65bd0000, 0x65bd0000, 0x66010000)
 tenured generation   total 87424K, used 14374K [0x6e430000, 0x73990000, 0x83990000)
   the space 87424K,  16% used [0x6e430000, 0x6f239a58, 0x6f239c00, 0x73990000)
 compacting perm gen  total 27392K, used 27155K [0x83990000, 0x85450000, 0x93990000)
   the space 27392K,  99% used [0x83990000, 0x85414e70, 0x85415000, 0x85450000)
    ro space 10240K,  56% used [0x93990000, 0x93f2d218, 0x93f2d400, 0x94390000)
    rw space 12288K,  60% used [0x94390000, 0x94adc138, 0x94adc200, 0x94f90000)
}
Event: 5.186 GC heap before
{Heap before GC invocations=7 (full 3):
 def new generation   total 39424K, used 38795K [0x63990000, 0x66450000, 0x6e430000)
  eden space 35072K, 100% used [0x63990000, 0x65bd0000, 0x65bd0000)
  from space 4352K,  85% used [0x66010000, 0x663b2d70, 0x66450000)
  to   space 4352K,   0% used [0x65bd0000, 0x65bd0000, 0x66010000)
 tenured generation   total 87424K, used 14374K [0x6e430000, 0x73990000, 0x83990000)
   the space 87424K,  16% used [0x6e430000, 0x6f239a58, 0x6f239c00, 0x73990000)
 compacting perm gen  total 27392K, used 27323K [0x83990000, 0x85450000, 0x93990000)
   the space 27392K,  99% used [0x83990000, 0x8543ee00, 0x8543ee00, 0x85450000)
    ro space 10240K,  56% used [0x93990000, 0x93f2d218, 0x93f2d400, 0x94390000)
    rw space 12288K,  60% used [0x94390000, 0x94adc138, 0x94adc200, 0x94f90000)
Event: 5.230 GC heap after
Heap after GC invocations=8 (full 3):
 def new generation   total 39424K, used 3284K [0x63990000, 0x66450000, 0x6e430000)
  eden space 35072K,   0% used [0x63990000, 0x63990000, 0x65bd0000)
  from space 4352K,  75% used [0x65bd0000, 0x65f05328, 0x66010000)
  to   space 4352K,   0% used [0x66010000, 0x66010000, 0x66450000)
 tenured generation   total 87424K, used 18047K [0x6e430000, 0x73990000, 0x83990000)
   the space 87424K,  20% used [0x6e430000, 0x6f5cfd18, 0x6f5cfe00, 0x73990000)
 compacting perm gen  total 27392K, used 27323K [0x83990000, 0x85450000, 0x93990000)
   the space 27392K,  99% used [0x83990000, 0x8543ee00, 0x8543ee00, 0x85450000)
    ro space 10240K,  56% used [0x93990000, 0x93f2d218, 0x93f2d400, 0x94390000)
    rw space 12288K,  60% used [0x94390000, 0x94adc138, 0x94adc200, 0x94f90000)
}
Event: 29.527 GC heap before
{Heap before GC invocations=8 (full 3):
 def new generation   total 39424K, used 30410K [0x63990000, 0x66450000, 0x6e430000)
  eden space 35072K,  77% used [0x63990000, 0x6540d7d0, 0x65bd0000)
  from space 4352K,  75% used [0x65bd0000, 0x65f05328, 0x66010000)
  to   space 4352K,   0% used [0x66010000, 0x66010000, 0x66450000)
 tenured generation   total 87424K, used 18047K [0x6e430000, 0x73990000, 0x83990000)
   the space 87424K,  20% used [0x6e430000, 0x6f5cfd18, 0x6f5cfe00, 0x73990000)
 compacting perm gen  total 28672K, used 28671K [0x83990000, 0x85590000, 0x93990000)
   the space 28672K,  99% used [0x83990000, 0x8558ff78, 0x85590000, 0x85590000)
    ro space 10240K,  56% used [0x93990000, 0x93f2d218, 0x93f2d400, 0x94390000)
    rw space 12288K,  60% used [0x94390000, 0x94adc138, 0x94adc200, 0x94f90000)
Event: 29.744 GC heap after
Heap after GC invocations=9 (full 4):
 def new generation   total 39424K, used 0K [0x63990000, 0x66450000, 0x6e430000)
  eden space 35072K,   0% used [0x63990000, 0x63990000, 0x65bd0000)
  from space 4352K,   0% used [0x65bd0000, 0x65bd0000, 0x66010000)
  to   space 4352K,   0% used [0x66010000, 0x66010000, 0x66450000)
 tenured generation   total 87424K, used 25290K [0x6e430000, 0x73990000, 0x83990000)
   the space 87424K,  28% used [0x6e430000, 0x6fce2928, 0x6fce2a00, 0x73990000)
 compacting perm gen  total 28672K, used 28658K [0x83990000, 0x85590000, 0x93990000)
   the space 28672K,  99% used [0x83990000, 0x8558cb20, 0x8558cc00, 0x85590000)
    ro space 10240K,  56% used [0x93990000, 0x93f2d218, 0x93f2d400, 0x94390000)
    rw space 12288K,  60% used [0x94390000, 0x94adc138, 0x94adc200, 0x94f90000)
}
Event: 86.362 GC heap before
{Heap before GC invocations=9 (full 4):
 def new generation   total 39424K, used 34211K [0x63990000, 0x66450000, 0x6e430000)
  eden space 35072K,  97% used [0x63990000, 0x65af8d38, 0x65bd0000)
  from space 4352K,   0% used [0x65bd0000, 0x65bd0000, 0x66010000)
  to   space 4352K,   0% used [0x66010000, 0x66010000, 0x66450000)
 tenured generation   total 87424K, used 25290K [0x6e430000, 0x73990000, 0x83990000)
   the space 87424K,  28% used [0x6e430000, 0x6fce2928, 0x6fce2a00, 0x73990000)
 compacting perm gen  total 32512K, used 32356K [0x83990000, 0x85950000, 0x93990000)
   the space 32512K,  99% used [0x83990000, 0x859293f8, 0x85929400, 0x85950000)
    ro space 10240K,  56% used [0x93990000, 0x93f2d218, 0x93f2d400, 0x94390000)
    rw space 12288K,  60% used [0x94390000, 0x94adc138, 0x94adc200, 0x94f90000)
Event: 86.569 GC heap after
Heap after GC invocations=10 (full 5):
 def new generation   total 39424K, used 0K [0x63990000, 0x66450000, 0x6e430000)
  eden space 35072K,   0% used [0x63990000, 0x63990000, 0x65bd0000)
  from space 4352K,   0% used [0x65bd0000, 0x65bd0000, 0x66010000)
  to   space 4352K,   0% used [0x66010000, 0x66010000, 0x66450000)
 tenured generation   total 87424K, used 27074K [0x6e430000, 0x73990000, 0x83990000)
   the space 87424K,  30% used [0x6e430000, 0x6fea0be8, 0x6fea0c00, 0x73990000)
 compacting perm gen  total 32512K, used 32356K [0x83990000, 0x85950000, 0x93990000)
   the space 32512K,  99% used [0x83990000, 0x859293f8, 0x85929400, 0x85950000)
    ro space 10240K,  56% used [0x93990000, 0x93f2d218, 0x93f2d400, 0x94390000)
    rw space 12288K,  60% used [0x94390000, 0x94adc138, 0x94adc200, 0x94f90000)
}

