# JRE version: 6.0_31-b31
# Java VM: OpenJDK Client VM (23.25-b01 mixed mode, sharing linux-x86 )
Heap
 def new generation   total 39424K, used 31148K [0x63990000, 0x66450000, 0x6e430000)
  eden space 35072K,  88% used [0x63990000, 0x657fb208, 0x65bd0000)
  from space 4352K,   0% used [0x65bd0000, 0x65bd0000, 0x66010000)
  to   space 4352K,   0% used [0x66010000, 0x66010000, 0x66450000)
 tenured generation   total 87424K, used 24244K [0x6e430000, 0x73990000, 0x83990000)
   the space 87424K,  27% used [0x6e430000, 0x6fbdd000, 0x6fbdd000, 0x73990000)
 compacting perm gen  total 32000K, used 31807K [0x83990000, 0x858d0000, 0x93990000)
   the space 32000K,  99% used [0x83990000, 0x8589fdb8, 0x8589fe00, 0x858d0000)
    ro space 10240K,  56% used [0x93990000, 0x93f2d218, 0x93f2d400, 0x94390000)
    rw space 12288K,  60% used [0x94390000, 0x94adc138, 0x94adc200, 0x94f90000)
GC Heap History (10 events):
Event: 3.554 GC heap before
{Heap before GC invocations=4 (full 1):
 def new generation   total 39424K, used 16086K [0x63990000, 0x66450000, 0x6e430000)
  eden space 35072K,  45% used [0x63990000, 0x649458b0, 0x65bd0000)
  from space 4352K,   0% used [0x65bd0000, 0x65bd0000, 0x66010000)
  to   space 4352K,   0% used [0x66010000, 0x66010000, 0x66450000)
 tenured generation   total 87424K, used 10553K [0x6e430000, 0x73990000, 0x83990000)
   the space 87424K,  12% used [0x6e430000, 0x6ee7e500, 0x6ee7e600, 0x73990000)
 compacting perm gen  total 20480K, used 20479K [0x83990000, 0x84d90000, 0x93990000)
   the space 20480K,  99% used [0x83990000, 0x84d8ff48, 0x84d90000, 0x84d90000)
    ro space 10240K,  56% used [0x93990000, 0x93f2d218, 0x93f2d400, 0x94390000)
    rw space 12288K,  60% used [0x94390000, 0x94adc138, 0x94adc200, 0x94f90000)
Event: 3.643 GC heap after
Heap after GC invocations=5 (full 2):
 def new generation   total 39424K, used 0K [0x63990000, 0x66450000, 0x6e430000)
  eden space 35072K,   0% used [0x63990000, 0x63990000, 0x65bd0000)
  from space 4352K,   0% used [0x65bd0000, 0x65bd0000, 0x66010000)
  to   space 4352K,   0% used [0x66010000, 0x66010000, 0x66450000)
 tenured generation   total 87424K, used 11867K [0x6e430000, 0x73990000, 0x83990000)
   the space 87424K,  13% used [0x6e430000, 0x6efc6e38, 0x6efc7000, 0x73990000)
 compacting perm gen  total 20480K, used 20479K [0x83990000, 0x84d90000, 0x93990000)
   the space 20480K,  99% used [0x83990000, 0x84d8ff48, 0x84d90000, 0x84d90000)
    ro space 10240K,  56% used [0x93990000, 0x93f2d218, 0x93f2d400, 0x94390000)
    rw space 12288K,  60% used [0x94390000, 0x94adc138, 0x94adc200, 0x94f90000)
}
Event: 4.391 GC heap before
{Heap before GC invocations=5 (full 2):
 def new generation   total 39424K, used 19229K [0x63990000, 0x66450000, 0x6e430000)
  eden space 35072K,  54% used [0x63990000, 0x64c57490, 0x65bd0000)
  from space 4352K,   0% used [0x65bd0000, 0x65bd0000, 0x66010000)
  to   space 4352K,   0% used [0x66010000, 0x66010000, 0x66450000)
 tenured generation   total 87424K, used 11867K [0x6e430000, 0x73990000, 0x83990000)
   the space 87424K,  13% used [0x6e430000, 0x6efc6e38, 0x6efc7000, 0x73990000)
 compacting perm gen  total 24576K, used 24575K [0x83990000, 0x85190000, 0x93990000)
   the space 24576K,  99% used [0x83990000, 0x8518ff48, 0x85190000, 0x85190000)
    ro space 10240K,  56% used [0x93990000, 0x93f2d218, 0x93f2d400, 0x94390000)
    rw space 12288K,  60% used [0x94390000, 0x94adc138, 0x94adc200, 0x94f90000)
Event: 4.520 GC heap after
Heap after GC invocations=6 (full 3):
 def new generation   total 39424K, used 0K [0x63990000, 0x66450000, 0x6e430000)
  eden space 35072K,   0% used [0x63990000, 0x63990000, 0x65bd0000)
  from space 4352K,   0% used [0x65bd0000, 0x65bd0000, 0x66010000)
  to   space 4352K,   0% used [0x66010000, 0x66010000, 0x66450000)
 tenured generation   total 87424K, used 14321K [0x6e430000, 0x73990000, 0x83990000)
   the space 87424K,  16% used [0x6e430000, 0x6f22c688, 0x6f22c800, 0x73990000)
 compacting perm gen  total 24576K, used 24575K [0x83990000, 0x85190000, 0x93990000)
   the space 24576K,  99% used [0x83990000, 0x8518ff48, 0x85190000, 0x85190000)
    ro space 10240K,  56% used [0x93990000, 0x93f2d218, 0x93f2d400, 0x94390000)
    rw space 12288K,  60% used [0x94390000, 0x94adc138, 0x94adc200, 0x94f90000)
}
Event: 5.063 GC heap before
{Heap before GC invocations=6 (full 3):
 def new generation   total 39424K, used 35072K [0x63990000, 0x66450000, 0x6e430000)
  eden space 35072K, 100% used [0x63990000, 0x65bd0000, 0x65bd0000)
  from space 4352K,   0% used [0x65bd0000, 0x65bd0000, 0x66010000)
  to   space 4352K,   0% used [0x66010000, 0x66010000, 0x66450000)
 tenured generation   total 87424K, used 14321K [0x6e430000, 0x73990000, 0x83990000)
   the space 87424K,  16% used [0x6e430000, 0x6f22c688, 0x6f22c800, 0x73990000)
 compacting perm gen  total 27392K, used 27162K [0x83990000, 0x85450000, 0x93990000)
   the space 27392K,  99% used [0x83990000, 0x854169e8, 0x85416a00, 0x85450000)
    ro space 10240K,  56% used [0x93990000, 0x93f2d218, 0x93f2d400, 0x94390000)
    rw space 12288K,  60% used [0x94390000, 0x94adc138, 0x94adc200, 0x94f90000)
Event: 5.086 GC heap after
Heap after GC invocations=7 (full 3):
 def new generation   total 39424K, used 3671K [0x63990000, 0x66450000, 0x6e430000)
  eden space 35072K,   0% used [0x63990000, 0x63990000, 0x65bd0000)
  from space 4352K,  84% used [0x66010000, 0x663a5c18, 0x66450000)
  to   space 4352K,   0% used [0x65bd0000, 0x65bd0000, 0x66010000)
 tenured generation   total 87424K, used 14321K [0x6e430000, 0x73990000, 0x83990000)
   the space 87424K,  16% used [0x6e430000, 0x6f22c688, 0x6f22c800, 0x73990000)
 compacting perm gen  total 27392K, used 27162K [0x83990000, 0x85450000, 0x93990000)
   the space 27392K,  99% used [0x83990000, 0x854169e8, 0x85416a00, 0x85450000)
    ro space 10240K,  56% used [0x93990000, 0x93f2d218, 0x93f2d400, 0x94390000)
    rw space 12288K,  60% used [0x94390000, 0x94adc138, 0x94adc200, 0x94f90000)
}
Event: 5.222 GC heap before
{Heap before GC invocations=7 (full 3):
 def new generation   total 39424K, used 38743K [0x63990000, 0x66450000, 0x6e430000)
  eden space 35072K, 100% used [0x63990000, 0x65bd0000, 0x65bd0000)
  from space 4352K,  84% used [0x66010000, 0x663a5c18, 0x66450000)
  to   space 4352K,   0% used [0x65bd0000, 0x65bd0000, 0x66010000)
 tenured generation   total 87424K, used 14321K [0x6e430000, 0x73990000, 0x83990000)
   the space 87424K,  16% used [0x6e430000, 0x6f22c688, 0x6f22c800, 0x73990000)
 compacting perm gen  total 27392K, used 27390K [0x83990000, 0x85450000, 0x93990000)
   the space 27392K,  99% used [0x83990000, 0x8544fac8, 0x8544fc00, 0x85450000)
    ro space 10240K,  56% used [0x93990000, 0x93f2d218, 0x93f2d400, 0x94390000)
    rw space 12288K,  60% used [0x94390000, 0x94adc138, 0x94adc200, 0x94f90000)
Event: 5.267 GC heap after
Heap after GC invocations=8 (full 3):
 def new generation   total 39424K, used 3372K [0x63990000, 0x66450000, 0x6e430000)
  eden space 35072K,   0% used [0x63990000, 0x63990000, 0x65bd0000)
  from space 4352K,  77% used [0x65bd0000, 0x65f1b310, 0x66010000)
  to   space 4352K,   0% used [0x66010000, 0x66010000, 0x66450000)
 tenured generation   total 87424K, used 17932K [0x6e430000, 0x73990000, 0x83990000)
   the space 87424K,  20% used [0x6e430000, 0x6f5b33c8, 0x6f5b3400, 0x73990000)
 compacting perm gen  total 27392K, used 27390K [0x83990000, 0x85450000, 0x93990000)
   the space 27392K,  99% used [0x83990000, 0x8544fac8, 0x8544fc00, 0x85450000)
    ro space 10240K,  56% used [0x93990000, 0x93f2d218, 0x93f2d400, 0x94390000)
    rw space 12288K,  60% used [0x94390000, 0x94adc138, 0x94adc200, 0x94f90000)
}
Event: 6.134 GC heap before
{Heap before GC invocations=8 (full 3):
 def new generation   total 39424K, used 18757K [0x63990000, 0x66450000, 0x6e430000)
  eden space 35072K,  43% used [0x63990000, 0x648962d0, 0x65bd0000)
  from space 4352K,  77% used [0x65bd0000, 0x65f1b310, 0x66010000)
  to   space 4352K,   0% used [0x66010000, 0x66010000, 0x66450000)
 tenured generation   total 87424K, used 17932K [0x6e430000, 0x73990000, 0x83990000)
   the space 87424K,  20% used [0x6e430000, 0x6f5b33c8, 0x6f5b3400, 0x73990000)
 compacting perm gen  total 28672K, used 28671K [0x83990000, 0x85590000, 0x93990000)
   the space 28672K,  99% used [0x83990000, 0x8558ffc0, 0x85590000, 0x85590000)
    ro space 10240K,  56% used [0x93990000, 0x93f2d218, 0x93f2d400, 0x94390000)
    rw space 12288K,  60% used [0x94390000, 0x94adc138, 0x94adc200, 0x94f90000)
Event: 6.344 GC heap after
Heap after GC invocations=9 (full 4):
 def new generation   total 39424K, used 0K [0x63990000, 0x66450000, 0x6e430000)
  eden space 35072K,   0% used [0x63990000, 0x63990000, 0x65bd0000)
  from space 4352K,   0% used [0x65bd0000, 0x65bd0000, 0x66010000)
  to   space 4352K,   0% used [0x66010000, 0x66010000, 0x66450000)
 tenured generation   total 87424K, used 24244K [0x6e430000, 0x73990000, 0x83990000)
   the space 87424K,  27% used [0x6e430000, 0x6fbdd000, 0x6fbdd000, 0x73990000)
 compacting perm gen  total 28672K, used 28660K [0x83990000, 0x85590000, 0x93990000)
   the space 28672K,  99% used [0x83990000, 0x8558d128, 0x8558d200, 0x85590000)
    ro space 10240K,  56% used [0x93990000, 0x93f2d218, 0x93f2d400, 0x94390000)
    rw space 12288K,  60% used [0x94390000, 0x94adc138, 0x94adc200, 0x94f90000)
}

